[2025-01-08 07:23:48 INFO] Created account for axolotlstk (b1616f7d-20ba-3499-aea3-59ab27d4941c) with a default balance of 0.
[2025-01-08 07:24:03 INFO] Set axolotlstk's (b1616f7d-20ba-3499-aea3-59ab27d4941c) balance to 2000.
[2025-01-08 07:28:59 INFO] Created account for STAFF (83d13815-7be9-34e5-8506-8e318b6cac81) with a default balance of 0.
[2025-01-08 07:58:41 INFO] Disabling TheosisEconomy v1.32
[2025-01-08 09:09:03 INFO] Withdrew 15.75 from axolotlstk's (b1616f7d-20ba-3499-aea3-59ab27d4941c) balance.
[2025-01-08 09:13:16 INFO] Disabling TheosisEconomy v1.32
[2025-01-08 09:23:15 INFO] Disabling TheosisEconomy v1.32
[2025-01-08 09:32:39 INFO] Disabling TheosisEconomy v1.32
[2025-01-08 09:34:08 INFO] Disabling TheosisEconomy v1.32
[2025-01-08 09:35:22 INFO] Disabling TheosisEconomy v1.32
[2025-01-08 09:36:37 INFO] Disabling TheosisEconomy v1.32
[2025-01-08 09:40:20 INFO] Created account for Ootakemaru (4c56fcaa-fb79-377c-8991-d79d86c941c3) with a default balance of 0.
[2025-01-08 12:19:38 INFO] Disabling TheosisEconomy v1.32
[2025-01-09 08:03:00 INFO] Disabling TheosisEconomy v1.32
[2025-01-09 08:04:18 INFO] Created account for LaiLaGumayusi (cdc24be6-c148-354a-b542-6eae2a2f3bde) with a default balance of 0.
[2025-01-09 08:09:20 INFO] Disabling TheosisEconomy v1.32
[2025-01-09 08:20:11 INFO] Created account for ditmemay (85e30f95-4f10-3d8a-87e8-f07064f0b954) with a default balance of 0.
[2025-01-09 08:32:12 INFO] Created account for StickWhite (1cb57a4c-934f-325b-9491-095e67e6928d) with a default balance of 0.
[2025-01-09 08:56:48 INFO] Disabling TheosisEconomy v1.32
[2025-01-09 13:42:16 INFO] Deposited 5 to axolotlstk's (b1616f7d-20ba-3499-aea3-59ab27d4941c) balance.
[2025-01-09 13:45:42 INFO] Deposited 5 to axolotlstk's (b1616f7d-20ba-3499-aea3-59ab27d4941c) balance.
[2025-01-09 13:46:00 INFO] Deposited 5 to axolotlstk's (b1616f7d-20ba-3499-aea3-59ab27d4941c) balance.
[2025-01-09 13:47:53 INFO] Deposited 5 to axolotlstk's (b1616f7d-20ba-3499-aea3-59ab27d4941c) balance.
[2025-01-09 13:50:20 INFO] Deposited 6 to axolotlstk's (b1616f7d-20ba-3499-aea3-59ab27d4941c) balance.
[2025-01-09 13:51:42 INFO] Deposited 1 to axolotlstk's (b1616f7d-20ba-3499-aea3-59ab27d4941c) balance.
[2025-01-09 13:53:46 INFO] Deposited 6 to axolotlstk's (b1616f7d-20ba-3499-aea3-59ab27d4941c) balance.
[2025-01-09 13:56:19 INFO] Deposited 6 to axolotlstk's (b1616f7d-20ba-3499-aea3-59ab27d4941c) balance.
[2025-01-09 13:57:41 INFO] Deposited 6 to axolotlstk's (b1616f7d-20ba-3499-aea3-59ab27d4941c) balance.
[2025-01-09 13:58:24 INFO] Deposited 6 to axolotlstk's (b1616f7d-20ba-3499-aea3-59ab27d4941c) balance.
[2025-01-09 14:01:48 INFO] Deposited 10 to axolotlstk's (b1616f7d-20ba-3499-aea3-59ab27d4941c) balance.
[2025-01-09 14:03:04 INFO] Deposited 10 to axolotlstk's (b1616f7d-20ba-3499-aea3-59ab27d4941c) balance.
[2025-01-09 14:07:43 INFO] Deposited 10 to axolotlstk's (b1616f7d-20ba-3499-aea3-59ab27d4941c) balance.
[2025-01-09 14:07:45 INFO] Deposited 10 to axolotlstk's (b1616f7d-20ba-3499-aea3-59ab27d4941c) balance.
[2025-01-09 14:07:50 INFO] Deposited 10 to axolotlstk's (b1616f7d-20ba-3499-aea3-59ab27d4941c) balance.
[2025-01-09 14:08:22 INFO] Deposited 10 to axolotlstk's (b1616f7d-20ba-3499-aea3-59ab27d4941c) balance.
[2025-01-09 14:08:28 INFO] Deposited 10 to axolotlstk's (b1616f7d-20ba-3499-aea3-59ab27d4941c) balance.
[2025-01-09 14:08:53 INFO] Deposited 10 to axolotlstk's (b1616f7d-20ba-3499-aea3-59ab27d4941c) balance.
[2025-01-09 14:09:02 INFO] Deposited 10 to axolotlstk's (b1616f7d-20ba-3499-aea3-59ab27d4941c) balance.
[2025-01-09 14:34:33 INFO] Deposited 6 to axolotlstk's (b1616f7d-20ba-3499-aea3-59ab27d4941c) balance.
[2025-01-09 14:34:38 INFO] Deposited 5 to axolotlstk's (b1616f7d-20ba-3499-aea3-59ab27d4941c) balance.
[2025-01-09 14:34:43 INFO] Deposited 5 to axolotlstk's (b1616f7d-20ba-3499-aea3-59ab27d4941c) balance.
[2025-01-09 14:37:50 INFO] Deposited 6 to axolotlstk's (b1616f7d-20ba-3499-aea3-59ab27d4941c) balance.
[2025-01-09 14:38:04 INFO] Deposited 5 to axolotlstk's (b1616f7d-20ba-3499-aea3-59ab27d4941c) balance.
[2025-01-09 14:38:50 INFO] Deposited 3 to axolotlstk's (b1616f7d-20ba-3499-aea3-59ab27d4941c) balance.
[2025-01-09 14:39:12 INFO] Deposited 3 to axolotlstk's (b1616f7d-20ba-3499-aea3-59ab27d4941c) balance.
[2025-01-09 14:39:29 INFO] Deposited 4 to axolotlstk's (b1616f7d-20ba-3499-aea3-59ab27d4941c) balance.
[2025-01-09 14:41:27 INFO] Deposited 3 to axolotlstk's (b1616f7d-20ba-3499-aea3-59ab27d4941c) balance.
[2025-01-09 14:41:35 INFO] Deposited 4 to axolotlstk's (b1616f7d-20ba-3499-aea3-59ab27d4941c) balance.
[2025-01-09 14:41:51 INFO] Deposited 3 to axolotlstk's (b1616f7d-20ba-3499-aea3-59ab27d4941c) balance.
[2025-01-09 14:41:58 INFO] Deposited 4 to axolotlstk's (b1616f7d-20ba-3499-aea3-59ab27d4941c) balance.
[2025-01-09 14:42:30 INFO] Deposited 8 to axolotlstk's (b1616f7d-20ba-3499-aea3-59ab27d4941c) balance.
[2025-01-09 14:42:33 INFO] Deposited 8 to axolotlstk's (b1616f7d-20ba-3499-aea3-59ab27d4941c) balance.
[2025-01-09 14:42:39 INFO] Deposited 3 to axolotlstk's (b1616f7d-20ba-3499-aea3-59ab27d4941c) balance.
[2025-01-09 14:42:44 INFO] Deposited 3 to axolotlstk's (b1616f7d-20ba-3499-aea3-59ab27d4941c) balance.
[2025-01-09 14:42:48 INFO] Deposited 8 to axolotlstk's (b1616f7d-20ba-3499-aea3-59ab27d4941c) balance.
[2025-01-09 14:42:52 INFO] Deposited 4 to axolotlstk's (b1616f7d-20ba-3499-aea3-59ab27d4941c) balance.
[2025-01-09 14:42:56 INFO] Deposited 3 to axolotlstk's (b1616f7d-20ba-3499-aea3-59ab27d4941c) balance.
[2025-01-10 00:37:53 INFO] Deposited 4 to axolotlstk's (b1616f7d-20ba-3499-aea3-59ab27d4941c) balance.
[2025-01-10 00:38:09 INFO] Deposited 3 to axolotlstk's (b1616f7d-20ba-3499-aea3-59ab27d4941c) balance.
[2025-01-10 00:38:13 INFO] Deposited 4 to axolotlstk's (b1616f7d-20ba-3499-aea3-59ab27d4941c) balance.
[2025-01-10 00:38:14 INFO] Deposited 4 to axolotlstk's (b1616f7d-20ba-3499-aea3-59ab27d4941c) balance.
[2025-01-10 00:38:20 INFO] Deposited 3 to axolotlstk's (b1616f7d-20ba-3499-aea3-59ab27d4941c) balance.
[2025-01-10 00:38:39 INFO] Deposited 8 to axolotlstk's (b1616f7d-20ba-3499-aea3-59ab27d4941c) balance.
[2025-01-10 00:41:55 INFO] Deposited 4 to axolotlstk's (b1616f7d-20ba-3499-aea3-59ab27d4941c) balance.
[2025-01-10 00:46:18 INFO] Deposited 3 to axolotlstk's (b1616f7d-20ba-3499-aea3-59ab27d4941c) balance.
[2025-01-10 00:46:18 INFO] Deposited 4 to axolotlstk's (b1616f7d-20ba-3499-aea3-59ab27d4941c) balance.
[2025-01-10 00:46:18 INFO] Deposited 4 to axolotlstk's (b1616f7d-20ba-3499-aea3-59ab27d4941c) balance.
[2025-01-10 00:46:23 INFO] Deposited 3 to axolotlstk's (b1616f7d-20ba-3499-aea3-59ab27d4941c) balance.
[2025-01-10 00:46:23 INFO] Deposited 3 to axolotlstk's (b1616f7d-20ba-3499-aea3-59ab27d4941c) balance.
[2025-01-10 00:46:29 INFO] Deposited 3 to axolotlstk's (b1616f7d-20ba-3499-aea3-59ab27d4941c) balance.
[2025-01-10 00:46:29 INFO] Deposited 3 to axolotlstk's (b1616f7d-20ba-3499-aea3-59ab27d4941c) balance.
[2025-01-10 00:46:29 INFO] Deposited 3 to axolotlstk's (b1616f7d-20ba-3499-aea3-59ab27d4941c) balance.
[2025-01-10 00:46:29 INFO] Deposited 3 to axolotlstk's (b1616f7d-20ba-3499-aea3-59ab27d4941c) balance.
[2025-01-10 00:47:03 INFO] Deposited 8 to axolotlstk's (b1616f7d-20ba-3499-aea3-59ab27d4941c) balance.
[2025-01-10 00:47:08 INFO] Deposited 8 to axolotlstk's (b1616f7d-20ba-3499-aea3-59ab27d4941c) balance.
[2025-01-10 00:47:28 INFO] Deposited 8 to axolotlstk's (b1616f7d-20ba-3499-aea3-59ab27d4941c) balance.
[2025-01-10 00:47:36 INFO] Deposited 3 to axolotlstk's (b1616f7d-20ba-3499-aea3-59ab27d4941c) balance.
[2025-01-10 00:47:43 INFO] Deposited 3 to axolotlstk's (b1616f7d-20ba-3499-aea3-59ab27d4941c) balance.
[2025-01-10 00:47:44 INFO] Deposited 4 to axolotlstk's (b1616f7d-20ba-3499-aea3-59ab27d4941c) balance.
[2025-01-10 00:47:48 INFO] Deposited 3 to axolotlstk's (b1616f7d-20ba-3499-aea3-59ab27d4941c) balance.
[2025-01-10 00:47:50 INFO] Deposited 4 to axolotlstk's (b1616f7d-20ba-3499-aea3-59ab27d4941c) balance.
[2025-01-10 00:47:56 INFO] Deposited 3 to axolotlstk's (b1616f7d-20ba-3499-aea3-59ab27d4941c) balance.
[2025-01-10 00:48:06 INFO] Deposited 4 to axolotlstk's (b1616f7d-20ba-3499-aea3-59ab27d4941c) balance.
[2025-01-10 00:48:10 INFO] Deposited 4 to axolotlstk's (b1616f7d-20ba-3499-aea3-59ab27d4941c) balance.
[2025-01-10 00:48:32 INFO] Deposited 3 to axolotlstk's (b1616f7d-20ba-3499-aea3-59ab27d4941c) balance.
[2025-01-10 00:48:42 INFO] Deposited 8 to axolotlstk's (b1616f7d-20ba-3499-aea3-59ab27d4941c) balance.
[2025-01-10 00:48:48 INFO] Deposited 3 to axolotlstk's (b1616f7d-20ba-3499-aea3-59ab27d4941c) balance.
[2025-01-10 00:49:08 INFO] Deposited 8 to axolotlstk's (b1616f7d-20ba-3499-aea3-59ab27d4941c) balance.
[2025-01-10 00:49:21 INFO] Deposited 3 to axolotlstk's (b1616f7d-20ba-3499-aea3-59ab27d4941c) balance.
[2025-01-10 00:49:22 INFO] Deposited 3 to axolotlstk's (b1616f7d-20ba-3499-aea3-59ab27d4941c) balance.
[2025-01-10 00:49:24 INFO] Deposited 3 to axolotlstk's (b1616f7d-20ba-3499-aea3-59ab27d4941c) balance.
[2025-01-10 00:49:25 INFO] Deposited 4 to axolotlstk's (b1616f7d-20ba-3499-aea3-59ab27d4941c) balance.
[2025-01-10 00:49:46 INFO] Deposited 3 to axolotlstk's (b1616f7d-20ba-3499-aea3-59ab27d4941c) balance.
[2025-01-10 00:49:48 INFO] Deposited 3 to axolotlstk's (b1616f7d-20ba-3499-aea3-59ab27d4941c) balance.
[2025-01-10 00:49:54 INFO] Deposited 3 to axolotlstk's (b1616f7d-20ba-3499-aea3-59ab27d4941c) balance.
[2025-01-10 00:49:59 INFO] Deposited 3 to axolotlstk's (b1616f7d-20ba-3499-aea3-59ab27d4941c) balance.
[2025-01-10 00:50:04 INFO] Deposited 4 to axolotlstk's (b1616f7d-20ba-3499-aea3-59ab27d4941c) balance.
[2025-01-10 00:50:11 INFO] Deposited 3 to axolotlstk's (b1616f7d-20ba-3499-aea3-59ab27d4941c) balance.
[2025-01-10 00:50:23 INFO] Deposited 4 to axolotlstk's (b1616f7d-20ba-3499-aea3-59ab27d4941c) balance.
[2025-01-10 00:50:36 INFO] Deposited 3 to axolotlstk's (b1616f7d-20ba-3499-aea3-59ab27d4941c) balance.
[2025-01-10 00:50:37 INFO] Deposited 3 to axolotlstk's (b1616f7d-20ba-3499-aea3-59ab27d4941c) balance.
[2025-01-10 00:50:55 INFO] Deposited 4 to axolotlstk's (b1616f7d-20ba-3499-aea3-59ab27d4941c) balance.
[2025-01-10 00:51:06 INFO] Deposited 4 to axolotlstk's (b1616f7d-20ba-3499-aea3-59ab27d4941c) balance.
[2025-01-10 00:51:25 INFO] Deposited 3 to axolotlstk's (b1616f7d-20ba-3499-aea3-59ab27d4941c) balance.
[2025-01-10 00:52:31 INFO] Withdrew 403.2 from axolotlstk's (b1616f7d-20ba-3499-aea3-59ab27d4941c) balance.
[2025-01-10 00:52:57 INFO] Set axolotlstk's (b1616f7d-20ba-3499-aea3-59ab27d4941c) balance to 1.
[2025-01-10 00:53:36 INFO] Deposited 4 to axolotlstk's (b1616f7d-20ba-3499-aea3-59ab27d4941c) balance.
[2025-01-10 00:53:43 INFO] Deposited 3 to axolotlstk's (b1616f7d-20ba-3499-aea3-59ab27d4941c) balance.
[2025-01-10 00:53:44 INFO] Deposited 3 to axolotlstk's (b1616f7d-20ba-3499-aea3-59ab27d4941c) balance.
[2025-01-10 00:53:54 INFO] Deposited 8 to axolotlstk's (b1616f7d-20ba-3499-aea3-59ab27d4941c) balance.
[2025-01-10 00:54:00 INFO] Deposited 8 to axolotlstk's (b1616f7d-20ba-3499-aea3-59ab27d4941c) balance.
[2025-01-10 00:54:10 INFO] Deposited 3 to axolotlstk's (b1616f7d-20ba-3499-aea3-59ab27d4941c) balance.
[2025-01-10 00:54:30 INFO] Deposited 8 to axolotlstk's (b1616f7d-20ba-3499-aea3-59ab27d4941c) balance.
[2025-01-10 00:54:55 INFO] Deposited 8 to axolotlstk's (b1616f7d-20ba-3499-aea3-59ab27d4941c) balance.
[2025-01-10 01:12:23 INFO] Deposited 15 to axolotlstk's (b1616f7d-20ba-3499-aea3-59ab27d4941c) balance.
[2025-01-10 01:13:11 INFO] Deposited 1 to axolotlstk's (b1616f7d-20ba-3499-aea3-59ab27d4941c) balance.
[2025-01-10 01:13:48 INFO] Deposited 15 to axolotlstk's (b1616f7d-20ba-3499-aea3-59ab27d4941c) balance.
[2025-01-10 01:14:34 INFO] Deposited 15 to axolotlstk's (b1616f7d-20ba-3499-aea3-59ab27d4941c) balance.
[2025-01-10 01:14:54 INFO] Deposited 15 to axolotlstk's (b1616f7d-20ba-3499-aea3-59ab27d4941c) balance.
[2025-01-10 01:15:29 INFO] Deposited 15 to axolotlstk's (b1616f7d-20ba-3499-aea3-59ab27d4941c) balance.
[2025-01-10 01:15:49 INFO] Deposited 15 to axolotlstk's (b1616f7d-20ba-3499-aea3-59ab27d4941c) balance.
[2025-01-10 01:15:50 INFO] Deposited 15 to axolotlstk's (b1616f7d-20ba-3499-aea3-59ab27d4941c) balance.
[2025-01-10 01:28:51 INFO] Deposited 3 to axolotlstk's (b1616f7d-20ba-3499-aea3-59ab27d4941c) balance.
[2025-01-10 01:28:57 INFO] Deposited 15 to axolotlstk's (b1616f7d-20ba-3499-aea3-59ab27d4941c) balance.
[2025-01-10 01:28:58 INFO] Deposited 15 to axolotlstk's (b1616f7d-20ba-3499-aea3-59ab27d4941c) balance.
[2025-01-10 01:28:59 INFO] Deposited 15 to axolotlstk's (b1616f7d-20ba-3499-aea3-59ab27d4941c) balance.
[2025-01-10 01:41:01 INFO] Deposited 8 to axolotlstk's (b1616f7d-20ba-3499-aea3-59ab27d4941c) balance.
[2025-01-10 01:41:27 INFO] Deposited 8 to axolotlstk's (b1616f7d-20ba-3499-aea3-59ab27d4941c) balance.
[2025-01-10 01:42:02 INFO] Deposited 4 to axolotlstk's (b1616f7d-20ba-3499-aea3-59ab27d4941c) balance.
[2025-01-10 01:46:06 INFO] Deposited 3 to axolotlstk's (b1616f7d-20ba-3499-aea3-59ab27d4941c) balance.
[2025-01-10 01:46:16 INFO] Deposited 3 to axolotlstk's (b1616f7d-20ba-3499-aea3-59ab27d4941c) balance.
[2025-01-10 01:47:02 INFO] Deposited 8 to axolotlstk's (b1616f7d-20ba-3499-aea3-59ab27d4941c) balance.
[2025-01-10 01:48:31 INFO] Deposited 8 to axolotlstk's (b1616f7d-20ba-3499-aea3-59ab27d4941c) balance.
